{"C:\\Users\\eliza\\Downloads\\express-biztime\\express-biztime\\app.js": {"path":"C:\\Users\\eliza\\Downloads\\express-biztime\\express-biztime\\app.js","statementMap":{"0":{"start":{"line":4,"column":16},"end":{"line":4,"column":34}},"1":{"start":{"line":6,"column":12},"end":{"line":6,"column":21}},"2":{"start":{"line":7,"column":21},"end":{"line":7,"column":46}},"3":{"start":{"line":9,"column":0},"end":{"line":9,"column":24}},"4":{"start":{"line":11,"column":16},"end":{"line":11,"column":48}},"5":{"start":{"line":12,"column":0},"end":{"line":12,"column":31}},"6":{"start":{"line":13,"column":16},"end":{"line":13,"column":47}},"7":{"start":{"line":14,"column":0},"end":{"line":14,"column":30}},"8":{"start":{"line":18,"column":0},"end":{"line":21,"column":3}},"9":{"start":{"line":19,"column":14},"end":{"line":19,"column":48}},"10":{"start":{"line":20,"column":2},"end":{"line":20,"column":19}},"11":{"start":{"line":25,"column":0},"end":{"line":32,"column":3}},"12":{"start":{"line":26,"column":2},"end":{"line":26,"column":32}},"13":{"start":{"line":28,"column":2},"end":{"line":31,"column":5}},"14":{"start":{"line":35,"column":0},"end":{"line":35,"column":21}}},"fnMap":{"0":{"name":"(anonymous_0)","decl":{"start":{"line":18,"column":8},"end":{"line":18,"column":9}},"loc":{"start":{"line":18,"column":33},"end":{"line":21,"column":1}},"line":18},"1":{"name":"(anonymous_1)","decl":{"start":{"line":25,"column":8},"end":{"line":25,"column":9}},"loc":{"start":{"line":25,"column":33},"end":{"line":32,"column":1}},"line":25}},"branchMap":{"0":{"loc":{"start":{"line":26,"column":13},"end":{"line":26,"column":30}},"type":"binary-expr","locations":[{"start":{"line":26,"column":13},"end":{"line":26,"column":23}},{"start":{"line":26,"column":27},"end":{"line":26,"column":30}}],"line":26}},"s":{"0":1,"1":1,"2":1,"3":1,"4":1,"5":1,"6":1,"7":1,"8":1,"9":0,"10":0,"11":1,"12":3,"13":3,"14":1},"f":{"0":0,"1":3},"b":{"0":[3,0]},"_coverageSchema":"1a1c01bbd47fc00a2c39e90264f33305004495a9","hash":"a7c08805a70df3ada39d4f6fbaddf07f9b676870"}
,"C:\\Users\\eliza\\Downloads\\express-biztime\\express-biztime\\db.js": {"path":"C:\\Users\\eliza\\Downloads\\express-biztime\\express-biztime\\db.js","statementMap":{"0":{"start":{"line":3,"column":19},"end":{"line":3,"column":32}},"1":{"start":{"line":7,"column":0},"end":{"line":11,"column":1}},"2":{"start":{"line":8,"column":2},"end":{"line":8,"column":72}},"3":{"start":{"line":10,"column":4},"end":{"line":10,"column":69}},"4":{"start":{"line":14,"column":9},"end":{"line":16,"column":2}},"5":{"start":{"line":18,"column":0},"end":{"line":18,"column":13}},"6":{"start":{"line":20,"column":0},"end":{"line":20,"column":20}}},"fnMap":{},"branchMap":{"0":{"loc":{"start":{"line":7,"column":0},"end":{"line":11,"column":1}},"type":"if","locations":[{"start":{"line":7,"column":0},"end":{"line":11,"column":1}},{"start":{"line":9,"column":7},"end":{"line":11,"column":1}}],"line":7}},"s":{"0":1,"1":1,"2":1,"3":0,"4":1,"5":1,"6":1},"f":{},"b":{"0":[1,0]},"_coverageSchema":"1a1c01bbd47fc00a2c39e90264f33305004495a9","hash":"85c685cbffef6a3e1902e54d8aae1e389a1c7031"}
,"C:\\Users\\eliza\\Downloads\\express-biztime\\express-biztime\\expressError.js": {"path":"C:\\Users\\eliza\\Downloads\\express-biztime\\express-biztime\\expressError.js","statementMap":{"0":{"start":{"line":9,"column":4},"end":{"line":9,"column":12}},"1":{"start":{"line":10,"column":4},"end":{"line":10,"column":27}},"2":{"start":{"line":11,"column":4},"end":{"line":11,"column":25}},"3":{"start":{"line":12,"column":4},"end":{"line":12,"column":30}},"4":{"start":{"line":17,"column":0},"end":{"line":17,"column":30}}},"fnMap":{"0":{"name":"(anonymous_0)","decl":{"start":{"line":8,"column":2},"end":{"line":8,"column":3}},"loc":{"start":{"line":8,"column":31},"end":{"line":13,"column":3}},"line":8}},"branchMap":{},"s":{"0":3,"1":3,"2":3,"3":3,"4":1},"f":{"0":3},"b":{},"_coverageSchema":"1a1c01bbd47fc00a2c39e90264f33305004495a9","hash":"f84c9d6bb296499a48133a27a2284c8fd1d4f169"}
,"C:\\Users\\eliza\\Downloads\\express-biztime\\express-biztime\\routes\\companies.js": {"path":"C:\\Users\\eliza\\Downloads\\express-biztime\\express-biztime\\routes\\companies.js","statementMap":{"0":{"start":{"line":2,"column":16},"end":{"line":2,"column":34}},"1":{"start":{"line":3,"column":15},"end":{"line":3,"column":31}},"2":{"start":{"line":4,"column":11},"end":{"line":4,"column":27}},"3":{"start":{"line":5,"column":21},"end":{"line":5,"column":47}},"4":{"start":{"line":7,"column":0},"end":{"line":14,"column":3}},"5":{"start":{"line":8,"column":4},"end":{"line":13,"column":5}},"6":{"start":{"line":9,"column":24},"end":{"line":9,"column":65}},"7":{"start":{"line":10,"column":8},"end":{"line":10,"column":51}},"8":{"start":{"line":12,"column":8},"end":{"line":12,"column":23}},"9":{"start":{"line":16,"column":0},"end":{"line":27,"column":3}},"10":{"start":{"line":17,"column":4},"end":{"line":26,"column":5}},"11":{"start":{"line":18,"column":21},"end":{"line":18,"column":36}},"12":{"start":{"line":19,"column":23},"end":{"line":19,"column":88}},"13":{"start":{"line":20,"column":8},"end":{"line":22,"column":9}},"14":{"start":{"line":21,"column":12},"end":{"line":21,"column":82}},"15":{"start":{"line":23,"column":8},"end":{"line":23,"column":52}},"16":{"start":{"line":25,"column":8},"end":{"line":25,"column":23}},"17":{"start":{"line":29,"column":0},"end":{"line":37,"column":3}},"18":{"start":{"line":30,"column":4},"end":{"line":36,"column":5}},"19":{"start":{"line":31,"column":44},"end":{"line":31,"column":52}},"20":{"start":{"line":32,"column":24},"end":{"line":32,"column":170}},"21":{"start":{"line":33,"column":8},"end":{"line":33,"column":64}},"22":{"start":{"line":35,"column":8},"end":{"line":35,"column":23}},"23":{"start":{"line":39,"column":0},"end":{"line":50,"column":3}},"24":{"start":{"line":40,"column":4},"end":{"line":49,"column":5}},"25":{"start":{"line":41,"column":44},"end":{"line":41,"column":52}},"26":{"start":{"line":42,"column":24},"end":{"line":42,"column":163}},"27":{"start":{"line":43,"column":8},"end":{"line":45,"column":9}},"28":{"start":{"line":44,"column":12},"end":{"line":44,"column":82}},"29":{"start":{"line":46,"column":8},"end":{"line":46,"column":52}},"30":{"start":{"line":48,"column":8},"end":{"line":48,"column":23}},"31":{"start":{"line":52,"column":0},"end":{"line":63,"column":3}},"32":{"start":{"line":53,"column":4},"end":{"line":62,"column":5}},"33":{"start":{"line":54,"column":21},"end":{"line":54,"column":36}},"34":{"start":{"line":55,"column":24},"end":{"line":55,"column":87}},"35":{"start":{"line":56,"column":8},"end":{"line":58,"column":9}},"36":{"start":{"line":57,"column":12},"end":{"line":57,"column":82}},"37":{"start":{"line":59,"column":8},"end":{"line":59,"column":45}},"38":{"start":{"line":61,"column":8},"end":{"line":61,"column":23}},"39":{"start":{"line":65,"column":0},"end":{"line":65,"column":24}}},"fnMap":{"0":{"name":"(anonymous_0)","decl":{"start":{"line":7,"column":16},"end":{"line":7,"column":17}},"loc":{"start":{"line":7,"column":42},"end":{"line":14,"column":1}},"line":7},"1":{"name":"(anonymous_1)","decl":{"start":{"line":16,"column":21},"end":{"line":16,"column":22}},"loc":{"start":{"line":16,"column":47},"end":{"line":27,"column":1}},"line":16},"2":{"name":"(anonymous_2)","decl":{"start":{"line":29,"column":17},"end":{"line":29,"column":18}},"loc":{"start":{"line":29,"column":43},"end":{"line":37,"column":1}},"line":29},"3":{"name":"(anonymous_3)","decl":{"start":{"line":39,"column":21},"end":{"line":39,"column":22}},"loc":{"start":{"line":39,"column":47},"end":{"line":50,"column":1}},"line":39},"4":{"name":"(anonymous_4)","decl":{"start":{"line":52,"column":24},"end":{"line":52,"column":25}},"loc":{"start":{"line":52,"column":50},"end":{"line":63,"column":1}},"line":52}},"branchMap":{"0":{"loc":{"start":{"line":20,"column":8},"end":{"line":22,"column":9}},"type":"if","locations":[{"start":{"line":20,"column":8},"end":{"line":22,"column":9}},{"start":{},"end":{}}],"line":20},"1":{"loc":{"start":{"line":43,"column":8},"end":{"line":45,"column":9}},"type":"if","locations":[{"start":{"line":43,"column":8},"end":{"line":45,"column":9}},{"start":{},"end":{}}],"line":43},"2":{"loc":{"start":{"line":56,"column":8},"end":{"line":58,"column":9}},"type":"if","locations":[{"start":{"line":56,"column":8},"end":{"line":58,"column":9}},{"start":{},"end":{}}],"line":56}},"s":{"0":1,"1":1,"2":1,"3":1,"4":1,"5":1,"6":1,"7":1,"8":0,"9":1,"10":2,"11":2,"12":2,"13":2,"14":1,"15":1,"16":1,"17":1,"18":1,"19":1,"20":1,"21":1,"22":0,"23":1,"24":2,"25":2,"26":2,"27":2,"28":1,"29":1,"30":1,"31":1,"32":2,"33":2,"34":2,"35":2,"36":1,"37":1,"38":1,"39":1},"f":{"0":1,"1":2,"2":1,"3":2,"4":2},"b":{"0":[1,1],"1":[1,1],"2":[1,1]},"_coverageSchema":"1a1c01bbd47fc00a2c39e90264f33305004495a9","hash":"3e39ebb69197137624d802f5673079720f1cdb3b"}
,"C:\\Users\\eliza\\Downloads\\express-biztime\\express-biztime\\routes\\invoices.js": {"path":"C:\\Users\\eliza\\Downloads\\express-biztime\\express-biztime\\routes\\invoices.js","statementMap":{"0":{"start":{"line":2,"column":16},"end":{"line":2,"column":34}},"1":{"start":{"line":3,"column":15},"end":{"line":3,"column":31}},"2":{"start":{"line":4,"column":11},"end":{"line":4,"column":27}},"3":{"start":{"line":5,"column":21},"end":{"line":5,"column":47}},"4":{"start":{"line":7,"column":0},"end":{"line":14,"column":3}},"5":{"start":{"line":8,"column":4},"end":{"line":13,"column":5}},"6":{"start":{"line":9,"column":24},"end":{"line":9,"column":64}},"7":{"start":{"line":10,"column":8},"end":{"line":10,"column":50}},"8":{"start":{"line":12,"column":8},"end":{"line":12,"column":23}},"9":{"start":{"line":16,"column":0},"end":{"line":27,"column":3}},"10":{"start":{"line":17,"column":4},"end":{"line":26,"column":5}},"11":{"start":{"line":18,"column":19},"end":{"line":18,"column":32}},"12":{"start":{"line":19,"column":24},"end":{"line":19,"column":84}},"13":{"start":{"line":20,"column":8},"end":{"line":22,"column":9}},"14":{"start":{"line":21,"column":12},"end":{"line":21,"column":78}},"15":{"start":{"line":23,"column":8},"end":{"line":23,"column":52}},"16":{"start":{"line":25,"column":8},"end":{"line":25,"column":23}},"17":{"start":{"line":29,"column":0},"end":{"line":37,"column":3}},"18":{"start":{"line":30,"column":4},"end":{"line":36,"column":5}},"19":{"start":{"line":31,"column":35},"end":{"line":31,"column":43}},"20":{"start":{"line":32,"column":24},"end":{"line":32,"column":169}},"21":{"start":{"line":33,"column":8},"end":{"line":33,"column":64}},"22":{"start":{"line":35,"column":8},"end":{"line":35,"column":23}},"23":{"start":{"line":39,"column":0},"end":{"line":51,"column":3}},"24":{"start":{"line":40,"column":4},"end":{"line":50,"column":5}},"25":{"start":{"line":41,"column":19},"end":{"line":41,"column":32}},"26":{"start":{"line":42,"column":24},"end":{"line":42,"column":32}},"27":{"start":{"line":43,"column":24},"end":{"line":43,"column":149}},"28":{"start":{"line":44,"column":8},"end":{"line":46,"column":9}},"29":{"start":{"line":45,"column":12},"end":{"line":45,"column":78}},"30":{"start":{"line":47,"column":8},"end":{"line":47,"column":52}},"31":{"start":{"line":49,"column":8},"end":{"line":49,"column":23}},"32":{"start":{"line":53,"column":0},"end":{"line":64,"column":3}},"33":{"start":{"line":54,"column":4},"end":{"line":63,"column":5}},"34":{"start":{"line":55,"column":19},"end":{"line":55,"column":32}},"35":{"start":{"line":56,"column":24},"end":{"line":56,"column":82}},"36":{"start":{"line":57,"column":8},"end":{"line":59,"column":9}},"37":{"start":{"line":58,"column":12},"end":{"line":58,"column":78}},"38":{"start":{"line":60,"column":8},"end":{"line":60,"column":45}},"39":{"start":{"line":62,"column":8},"end":{"line":62,"column":23}},"40":{"start":{"line":66,"column":0},"end":{"line":77,"column":3}},"41":{"start":{"line":67,"column":4},"end":{"line":76,"column":5}},"42":{"start":{"line":68,"column":21},"end":{"line":68,"column":36}},"43":{"start":{"line":69,"column":24},"end":{"line":69,"column":93}},"44":{"start":{"line":70,"column":8},"end":{"line":72,"column":9}},"45":{"start":{"line":71,"column":12},"end":{"line":71,"column":82}},"46":{"start":{"line":73,"column":8},"end":{"line":73,"column":50}},"47":{"start":{"line":75,"column":8},"end":{"line":75,"column":23}},"48":{"start":{"line":79,"column":0},"end":{"line":79,"column":24}}},"fnMap":{"0":{"name":"(anonymous_0)","decl":{"start":{"line":7,"column":16},"end":{"line":7,"column":17}},"loc":{"start":{"line":7,"column":42},"end":{"line":14,"column":1}},"line":7},"1":{"name":"(anonymous_1)","decl":{"start":{"line":16,"column":19},"end":{"line":16,"column":20}},"loc":{"start":{"line":16,"column":45},"end":{"line":27,"column":1}},"line":16},"2":{"name":"(anonymous_2)","decl":{"start":{"line":29,"column":17},"end":{"line":29,"column":18}},"loc":{"start":{"line":29,"column":43},"end":{"line":37,"column":1}},"line":29},"3":{"name":"(anonymous_3)","decl":{"start":{"line":39,"column":19},"end":{"line":39,"column":20}},"loc":{"start":{"line":39,"column":45},"end":{"line":51,"column":1}},"line":39},"4":{"name":"(anonymous_4)","decl":{"start":{"line":53,"column":22},"end":{"line":53,"column":23}},"loc":{"start":{"line":53,"column":48},"end":{"line":64,"column":1}},"line":53},"5":{"name":"(anonymous_5)","decl":{"start":{"line":66,"column":31},"end":{"line":66,"column":32}},"loc":{"start":{"line":66,"column":57},"end":{"line":77,"column":1}},"line":66}},"branchMap":{"0":{"loc":{"start":{"line":20,"column":8},"end":{"line":22,"column":9}},"type":"if","locations":[{"start":{"line":20,"column":8},"end":{"line":22,"column":9}},{"start":{},"end":{}}],"line":20},"1":{"loc":{"start":{"line":44,"column":8},"end":{"line":46,"column":9}},"type":"if","locations":[{"start":{"line":44,"column":8},"end":{"line":46,"column":9}},{"start":{},"end":{}}],"line":44},"2":{"loc":{"start":{"line":57,"column":8},"end":{"line":59,"column":9}},"type":"if","locations":[{"start":{"line":57,"column":8},"end":{"line":59,"column":9}},{"start":{},"end":{}}],"line":57},"3":{"loc":{"start":{"line":70,"column":8},"end":{"line":72,"column":9}},"type":"if","locations":[{"start":{"line":70,"column":8},"end":{"line":72,"column":9}},{"start":{},"end":{}}],"line":70}},"s":{"0":1,"1":1,"2":1,"3":1,"4":1,"5":0,"6":0,"7":0,"8":0,"9":1,"10":0,"11":0,"12":0,"13":0,"14":0,"15":0,"16":0,"17":1,"18":0,"19":0,"20":0,"21":0,"22":0,"23":1,"24":0,"25":0,"26":0,"27":0,"28":0,"29":0,"30":0,"31":0,"32":1,"33":0,"34":0,"35":0,"36":0,"37":0,"38":0,"39":0,"40":1,"41":0,"42":0,"43":0,"44":0,"45":0,"46":0,"47":0,"48":1},"f":{"0":0,"1":0,"2":0,"3":0,"4":0,"5":0},"b":{"0":[0,0],"1":[0,0],"2":[0,0],"3":[0,0]},"_coverageSchema":"1a1c01bbd47fc00a2c39e90264f33305004495a9","hash":"c16ffab9c767285295b9f5d34e139b0d806e34ee"}
}
